{"D:\\AllDemo\\ce\\vue-test-demo\\src\\App.vue": {"path":"D:\\AllDemo\\ce\\vue-test-demo\\src\\App.vue","statementMap":{"0":{"start":{"line":11,"column":0},"end":{"line":11,"column":null}}},"fnMap":{},"branchMap":{},"s":{"0":0},"f":{},"b":{}}
,"D:\\AllDemo\\ce\\vue-test-demo\\src\\main.js": {"path":"D:\\AllDemo\\ce\\vue-test-demo\\src\\main.js","statementMap":{"0":{"start":{"line":4,"column":0},"end":{"line":4,"column":32}},"1":{"start":{"line":6,"column":0},"end":{"line":8,"column":17}},"2":{"start":{"line":7,"column":15},"end":{"line":7,"column":21}}},"fnMap":{"0":{"name":"(anonymous_0)","decl":{"start":{"line":7,"column":10},"end":{"line":7,"column":11}},"loc":{"start":{"line":7,"column":15},"end":{"line":7,"column":21}},"line":7}},"branchMap":{},"s":{"0":0,"1":0,"2":0},"f":{"0":0},"b":{},"hash":"a429b425d3cbe4d9f82dff911f9f63785c61f018"}
,"D:\\AllDemo\\ce\\vue-test-demo\\src\\util.js": {"path":"D:\\AllDemo\\ce\\vue-test-demo\\src\\util.js","statementMap":{"0":{"start":{"line":2,"column":4},"end":{"line":2,"column":15}}},"fnMap":{"0":{"name":"Add","decl":{"start":{"line":1,"column":24},"end":{"line":1,"column":27}},"loc":{"start":{"line":1,"column":32},"end":{"line":3,"column":1}},"line":1}},"branchMap":{},"s":{"0":1},"f":{"0":1},"b":{},"_coverageSchema":"43e27e138ebf9cfc5966b082cf9a028302ed4184","hash":"0523bbe0c35ffc06f224e9633a69303148e3b2a7"}
,"D:\\AllDemo\\ce\\vue-test-demo\\src\\components\\Sun.vue": {"path":"D:\\AllDemo\\ce\\vue-test-demo\\src\\components\\Sun.vue","statementMap":{"0":{"start":{"line":16,"column":0},"end":{"line":16,"column":null}},"1":{"start":{"line":28,"column":0},"end":{"line":28,"column":null}}},"fnMap":{"0":{"name":"(anonymous_1)","decl":{"start":{"line":15,"column":0},"end":{"line":15,"column":null}},"loc":{"start":{"line":15,"column":0},"end":{"line":19,"column":null}}},"1":{"name":"(anonymous_2)","decl":{"start":{"line":21,"column":0},"end":{"line":21,"column":null}},"loc":{"start":{"line":21,"column":0},"end":{"line":29,"column":null}}}},"branchMap":{},"s":{"0":2,"1":1},"f":{"0":2,"1":1},"b":{}}
}
