TN:
SF:D:\AllDemo\ce\vue-test-demo\src\App.vue
FNF:0
FNH:0
DA:11,0
LF:1
LH:0
BRF:0
BRH:0
end_of_record
TN:
SF:D:\AllDemo\ce\vue-test-demo\src\main.js
FN:7,(anonymous_0)
FNF:1
FNH:0
FNDA:0,(anonymous_0)
DA:4,0
DA:6,0
DA:7,0
LF:3
LH:0
BRF:0
BRH:0
end_of_record
TN:
SF:D:\AllDemo\ce\vue-test-demo\src\util.js
FN:1,Add
FNF:1
FNH:1
FNDA:1,Add
DA:2,1
LF:1
LH:1
BRF:0
BRH:0
end_of_record
TN:
SF:D:\AllDemo\ce\vue-test-demo\src\components\Sun.vue
FN:15,(anonymous_1)
FN:21,(anonymous_2)
FNF:2
FNH:2
FNDA:2,(anonymous_1)
FNDA:1,(anonymous_2)
DA:16,2
DA:28,1
LF:2
LH:2
BRF:0
BRH:0
end_of_record
