{"D:\\AllDemo\\ce\\vue-test\\src\\main.js": {"path":"D:\\AllDemo\\ce\\vue-test\\src\\main.js","statementMap":{"0":{"start":{"line":1,"column":0},"end":{"line":null,"column":-1}},"1":{"start":{"line":2,"column":0},"end":{"line":null,"column":-1}},"2":{"start":{"line":3,"column":0},"end":{"line":null,"column":-1}},"3":{"start":{"line":4,"column":0},"end":{"line":null,"column":-1}},"4":{"start":{"line":6,"column":0},"end":{"line":null,"column":-1}},"5":{"start":{"line":8,"column":0},"end":{"line":null,"column":-1}},"6":{"start":{"line":11,"column":15},"end":{"line":11,"column":16}}},"fnMap":{"0":{"name":"(anonymous_0)","decl":{"start":{"line":11,"column":10},"end":{"line":11,"column":11}},"loc":{"start":{"line":11,"column":15},"end":{"line":11,"column":16}}}},"branchMap":{},"s":{"0":0,"1":0,"2":0,"3":0,"4":0,"5":0,"6":0},"f":{"0":0},"b":{}}
,"D:\\AllDemo\\ce\\vue-test\\src\\router.js": {"path":"D:\\AllDemo\\ce\\vue-test\\src\\router.js","statementMap":{"0":{"start":{"line":1,"column":0},"end":{"line":null,"column":-1}},"1":{"start":{"line":2,"column":0},"end":{"line":null,"column":-1}},"2":{"start":{"line":3,"column":0},"end":{"line":null,"column":-1}},"3":{"start":{"line":5,"column":0},"end":{"line":null,"column":-1}},"4":{"start":{"line":22,"column":17},"end":{"line":null,"column":-1}}},"fnMap":{"0":{"name":"(anonymous_0)","decl":{"start":{"line":22,"column":17},"end":{"line":22,"column":61}},"loc":{"start":{"line":22,"column":17},"end":{"line":null,"column":-1}}}},"branchMap":{},"s":{"0":0,"1":0,"2":0,"3":0,"4":0},"f":{"0":0},"b":{}}
,"D:\\AllDemo\\ce\\vue-test\\src\\store.js": {"path":"D:\\AllDemo\\ce\\vue-test\\src\\store.js","statementMap":{"0":{"start":{"line":1,"column":0},"end":{"line":null,"column":-1}},"1":{"start":{"line":2,"column":0},"end":{"line":null,"column":-1}},"2":{"start":{"line":4,"column":0},"end":{"line":null,"column":-1}}},"fnMap":{},"branchMap":{},"s":{"0":0,"1":0,"2":0},"f":{},"b":{}}
,"D:\\AllDemo\\ce\\vue-test\\src\\components\\Kaikeba.vue": {"path":"D:\\AllDemo\\ce\\vue-test\\src\\components\\Kaikeba.vue","statementMap":{"0":{"start":{"line":11,"column":0},"end":{"line":null,"column":-1}},"1":{"start":{"line":17,"column":0},"end":{"line":null,"column":-1}},"2":{"start":{"line":21,"column":0},"end":{"line":25,"column":0}},"3":{"start":{"line":22,"column":0},"end":{"line":null,"column":-1}},"4":{"start":{"line":24,"column":0},"end":{"line":null,"column":-1}},"5":{"start":{"line":28,"column":0},"end":{"line":null,"column":-1}}},"fnMap":{},"branchMap":{"0":{"loc":{"start":{"line":21,"column":0},"end":{"line":25,"column":0}},"type":"if","locations":[{"start":{"line":21,"column":0},"end":{"line":25,"column":0}},{"start":{"line":21,"column":0},"end":{"line":25,"column":0}}]}},"s":{"0":3,"1":2,"2":1,"3":0,"4":1,"5":0},"f":{},"b":{"0":[0,1]}}
,"D:\\AllDemo\\ce\\vue-test\\src\\views\\Home.vue": {"path":"D:\\AllDemo\\ce\\vue-test\\src\\views\\Home.vue","statementMap":{"0":{"start":{"line":10,"column":0},"end":{"line":null,"column":-1}}},"fnMap":{},"branchMap":{},"s":{"0":0},"f":{},"b":{}}
}
