TN:
SF:D:\AllDemo\ce\vue-test\src\main.js
FN:11,(anonymous_0)
FNF:1
FNH:0
FNDA:0,(anonymous_0)
DA:1,0
DA:2,0
DA:3,0
DA:4,0
DA:6,0
DA:8,0
DA:11,0
LF:7
LH:0
BRF:0
BRH:0
end_of_record
TN:
SF:D:\AllDemo\ce\vue-test\src\router.js
FN:22,(anonymous_0)
FNF:1
FNH:0
FNDA:0,(anonymous_0)
DA:1,0
DA:2,0
DA:3,0
DA:5,0
DA:22,0
LF:5
LH:0
BRF:0
BRH:0
end_of_record
TN:
SF:D:\AllDemo\ce\vue-test\src\store.js
FNF:0
FNH:0
DA:1,0
DA:2,0
DA:4,0
LF:3
LH:0
BRF:0
BRH:0
end_of_record
TN:
SF:D:\AllDemo\ce\vue-test\src\components\Kaikeba.vue
FNF:0
FNH:0
DA:11,3
DA:17,2
DA:21,1
DA:22,0
DA:24,1
DA:28,0
LF:6
LH:4
BRDA:21,0,0,0
BRDA:21,0,1,1
BRF:2
BRH:1
end_of_record
TN:
SF:D:\AllDemo\ce\vue-test\src\views\Home.vue
FNF:0
FNH:0
DA:10,0
LF:1
LH:0
BRF:0
BRH:0
end_of_record
